[30-May-2025 13:16:18 Europe/Berlin] [DEBUG] 2025-05-30 13:16:18 - Request Method: GET
[30-May-2025 13:16:18 Europe/Berlin] [DEBUG] 2025-05-30 13:16:18 - Content Type: Not set
[30-May-2025 13:16:18 Europe/Berlin] [DEBUG] 2025-05-30 13:16:18 - FILES array: Array
(
)

[30-May-2025 13:16:18 Europe/Berlin] [DEBUG] 2025-05-30 13:16:18 - POST array: Array
(
)

[30-May-2025 13:16:18 Europe/Berlin] [DEBUG] 2025-05-30 13:16:18 - Processing GET request for dashboard data
[30-May-2025 13:16:22 Europe/Berlin] [DEBUG] 2025-05-30 13:16:22 - Request Method: GET
[30-May-2025 13:16:22 Europe/Berlin] [DEBUG] 2025-05-30 13:16:22 - Content Type: Not set
[30-May-2025 13:16:22 Europe/Berlin] [DEBUG] 2025-05-30 13:16:22 - FILES array: Array
(
)

[30-May-2025 13:16:22 Europe/Berlin] [DEBUG] 2025-05-30 13:16:22 - POST array: Array
(
)

[30-May-2025 13:16:22 Europe/Berlin] [DEBUG] 2025-05-30 13:16:22 - Processing GET request for dashboard data
[30-May-2025 13:16:28 Europe/Berlin] [DEBUG] 2025-05-30 13:16:28 - Request Method: GET
[30-May-2025 13:16:28 Europe/Berlin] [DEBUG] 2025-05-30 13:16:28 - Content Type: Not set
[30-May-2025 13:16:28 Europe/Berlin] [DEBUG] 2025-05-30 13:16:28 - FILES array: Array
(
)

[30-May-2025 13:16:28 Europe/Berlin] [DEBUG] 2025-05-30 13:16:28 - POST array: Array
(
)

[30-May-2025 13:16:28 Europe/Berlin] [DEBUG] 2025-05-30 13:16:28 - Processing GET request for dashboard data
[30-May-2025 13:16:32 Europe/Berlin] [DEBUG] 2025-05-30 13:16:32 - Request Method: GET
[30-May-2025 13:16:32 Europe/Berlin] [DEBUG] 2025-05-30 13:16:32 - Content Type: Not set
[30-May-2025 13:16:32 Europe/Berlin] [DEBUG] 2025-05-30 13:16:32 - FILES array: Array
(
)

[30-May-2025 13:16:32 Europe/Berlin] [DEBUG] 2025-05-30 13:16:32 - POST array: Array
(
)

[30-May-2025 13:16:32 Europe/Berlin] [DEBUG] 2025-05-30 13:16:32 - Processing GET request for dashboard data
